[    0.000000] Linux version 4.15.0-209-generic (buildd@lcy02-amd64-091) (gcc version 7.5.0 (Ubuntu 7.5.0-3ubuntu1~18.04)) #220-Ubuntu SMP Tue Mar 21 17:52:18 UTC 2023 (Ubuntu 4.15.0-209.220-generic 4.15.18)
[    0.000000] Command line: BOOT_IMAGE=/boot/vmlinuz-4.15.0-209-generic root=LABEL=cloudimg-rootfs ro console=tty1 console=ttyS0
[    0.000000] KERNEL supported cpus:
[    0.000000]   Intel GenuineIntel
[    0.000000]   AMD AuthenticAMD
[    0.000000]   Centaur CentaurHauls
[    0.000000] x86/fpu: Supporting XSAVE feature 0x001: 'x87 floating point registers'
[    0.000000] x86/fpu: Supporting XSAVE feature 0x002: 'SSE registers'
[    0.000000] x86/fpu: Supporting XSAVE feature 0x004: 'AVX registers'
[    0.000000] x86/fpu: xstate_offset[2]:  576, xstate_sizes[2]:  256
[    0.000000] x86/fpu: Enabled xstate features 0x7, context size is 832 bytes, using 'standard' format.
[    0.000000] e820: BIOS-provided physical RAM map:
[    0.000000] BIOS-e820: [mem 0x0000000000000000-0x000000000009fbff] usable
[    0.000000] BIOS-e820: [mem 0x000000000009fc00-0x000000000009ffff] reserved
[    0.000000] BIOS-e820: [mem 0x00000000000f0000-0x00000000000fffff] reserved
[    0.000000] BIOS-e820: [mem 0x0000000000100000-0x000000007ffeffff] usable
[    0.000000] BIOS-e820: [mem 0x000000007fff0000-0x000000007fffffff] ACPI data
[    0.000000] BIOS-e820: [mem 0x00000000fec00000-0x00000000fec00fff] reserved
[    0.000000] BIOS-e820: [mem 0x00000000fee00000-0x00000000fee00fff] reserved
[    0.000000] BIOS-e820: [mem 0x00000000fffc0000-0x00000000ffffffff] reserved
[    0.000000] NX (Execute Disable) protection: active
[    0.000000] SMBIOS 2.5 present.
[    0.000000] DMI: innotek GmbH VirtualBox/VirtualBox, BIOS VirtualBox 12/01/2006
[    0.000000] Hypervisor detected: KVM
[    0.000000] e820: last_pfn = 0x7fff0 max_arch_pfn = 0x400000000
[    0.000000] MTRR: Disabled
[    0.000000] x86/PAT: MTRRs disabled, skipping PAT initialization too.
[    0.000000] CPU MTRRs all blank - virtualized system.
[    0.000000] x86/PAT: Configuration [0-7]: WB  WT  UC- UC  WB  WT  UC- UC  
[    0.000000] found SMP MP-table at [mem 0x0009fff0-0x0009ffff]
[    0.000000] Scanning 1 areas for low memory corruption
[    0.000000] RAMDISK: [mem 0x359c9000-0x36cdbfff]
[    0.000000] ACPI: Early table checksum verification disabled
[    0.000000] ACPI: RSDP 0x00000000000E0000 000024 (v02 VBOX  )
[    0.000000] ACPI: XSDT 0x000000007FFF0030 00003C (v01 VBOX   VBOXXSDT 00000001 ASL  00000061)
[    0.000000] ACPI: FACP 0x000000007FFF00F0 0000F4 (v04 VBOX   VBOXFACP 00000001 ASL  00000061)
[    0.000000] ACPI: DSDT 0x000000007FFF0470 002325 (v02 VBOX   VBOXBIOS 00000002 INTL 20200925)
[    0.000000] ACPI: FACS 0x000000007FFF0200 000040
[    0.000000] ACPI: FACS 0x000000007FFF0200 000040
[    0.000000] ACPI: APIC 0x000000007FFF0240 00005C (v02 VBOX   VBOXAPIC 00000001 ASL  00000061)
[    0.000000] ACPI: SSDT 0x000000007FFF02A0 0001CC (v01 VBOX   VBOXCPUT 00000002 INTL 20200925)
[    0.000000] ACPI: Reserving FACP table memory at [mem 0x7fff00f0-0x7fff01e3]
[    0.000000] ACPI: Reserving DSDT table memory at [mem 0x7fff0470-0x7fff2794]
[    0.000000] ACPI: Reserving FACS table memory at [mem 0x7fff0200-0x7fff023f]
[    0.000000] ACPI: Reserving FACS table memory at [mem 0x7fff0200-0x7fff023f]
[    0.000000] ACPI: Reserving APIC table memory at [mem 0x7fff0240-0x7fff029b]
[    0.000000] ACPI: Reserving SSDT table memory at [mem 0x7fff02a0-0x7fff046b]
[    0.000000] No NUMA configuration found
[    0.000000] Faking a node at [mem 0x0000000000000000-0x000000007ffeffff]
[    0.000000] NODE_DATA(0) allocated [mem 0x7ffc5000-0x7ffeffff]
[    0.000000] kvm-clock: cpu 0, msr 0:7ff44001, primary cpu clock
[    0.000000] kvm-clock: Using msrs 4b564d01 and 4b564d00
[    0.000000] kvm-clock: using sched offset of 3316100127 cycles
[    0.000000] clocksource: kvm-clock: mask: 0xffffffffffffffff max_cycles: 0x1cd42e4dffb, max_idle_ns: 881590591483 ns
[    0.000000] Zone ranges:
[    0.000000]   DMA      [mem 0x0000000000001000-0x0000000000ffffff]
[    0.000000]   DMA32    [mem 0x0000000001000000-0x000000007ffeffff]
[    0.000000]   Normal   empty
[    0.000000]   Device   empty
[    0.000000] Movable zone start for each node
[    0.000000] Early memory node ranges
[    0.000000]   node   0: [mem 0x0000000000001000-0x000000000009efff]
[    0.000000]   node   0: [mem 0x0000000000100000-0x000000007ffeffff]
[    0.000000] Reserved but unavailable: 104 pages
[    0.000000] Initmem setup node 0 [mem 0x0000000000001000-0x000000007ffeffff]
[    0.000000] ACPI: PM-Timer IO Port: 0x4008
[    0.000000] IOAPIC[0]: apic_id 2, version 32, address 0xfec00000, GSI 0-23
[    0.000000] ACPI: INT_SRC_OVR (bus 0 bus_irq 0 global_irq 2 dfl dfl)
[    0.000000] ACPI: INT_SRC_OVR (bus 0 bus_irq 9 global_irq 9 low level)
[    0.000000] Using ACPI (MADT) for SMP configuration information
[    0.000000] smpboot: Allowing 2 CPUs, 0 hotplug CPUs
[    0.000000] PM: Registered nosave memory: [mem 0x00000000-0x00000fff]
[    0.000000] PM: Registered nosave memory: [mem 0x0009f000-0x0009ffff]
[    0.000000] PM: Registered nosave memory: [mem 0x000a0000-0x000effff]
[    0.000000] PM: Registered nosave memory: [mem 0x000f0000-0x000fffff]
[    0.000000] e820: [mem 0x80000000-0xfebfffff] available for PCI devices
[    0.000000] Booting paravirtualized kernel on KVM
[    0.000000] clocksource: refined-jiffies: mask: 0xffffffff max_cycles: 0xffffffff, max_idle_ns: 7645519600211568 ns
[    0.000000] setup_percpu: NR_CPUS:8192 nr_cpumask_bits:2 nr_cpu_ids:2 nr_node_ids:1
[    0.000000] percpu: Embedded 50 pages/cpu s167936 r8192 d28672 u1048576
[    0.000000] PV qspinlock hash table entries: 256 (order: 0, 4096 bytes)
[    0.000000] Built 1 zonelists, mobility grouping on.  Total pages: 515961
[    0.000000] Policy zone: DMA32
[    0.000000] Kernel command line: BOOT_IMAGE=/boot/vmlinuz-4.15.0-209-generic root=LABEL=cloudimg-rootfs ro console=tty1 console=ttyS0
[    0.000000] Memory: 2014832K/2096696K available (12300K kernel code, 2477K rwdata, 4324K rodata, 2480K init, 2720K bss, 81864K reserved, 0K cma-reserved)
[    0.000000] SLUB: HWalign=64, Order=0-3, MinObjects=0, CPUs=2, Nodes=1
[    0.000000] Kernel/User page tables isolation: enabled
[    0.000000] ftrace: allocating 39506 entries in 155 pages
[    0.004000] Hierarchical RCU implementation.
[    0.004000] 	RCU restricting CPUs from NR_CPUS=8192 to nr_cpu_ids=2.
[    0.004000] 	Tasks RCU enabled.
[    0.004000] RCU: Adjusting geometry for rcu_fanout_leaf=16, nr_cpu_ids=2
[    0.004000] NR_IRQS: 524544, nr_irqs: 440, preallocated irqs: 16
[    0.004000] random: crng init done
[    0.004000] Console: colour VGA+ 80x25
[    0.004000] console [tty1] enabled
[    0.004000] console [ttyS0] enabled
[    0.004000] ACPI: Core revision 20170831
[    0.004000] ACPI: 2 ACPI AML tables successfully acquired and loaded
[    0.004000] APIC: Switch to symmetric I/O mode setup
[    0.004000] x2apic enabled
[    0.004000] Switched APIC routing to physical x2apic.
[    0.004000] ..TIMER: vector=0x30 apic1=0 pin1=2 apic2=-1 pin2=-1
[    0.004000] tsc: Detected 1800.002 MHz processor
[    0.004011] Calibrating delay loop (skipped) preset value.. 3600.00 BogoMIPS (lpj=7200008)
[    0.005058] pid_max: default: 32768 minimum: 301
[    0.005720] Security Framework initialized
[    0.006425] Yama: becoming mindful.
[    0.007008] AppArmor: AppArmor initialized
[    0.008982] Dentry cache hash table entries: 262144 (order: 9, 2097152 bytes)
[    0.011262] Inode-cache hash table entries: 131072 (order: 8, 1048576 bytes)
[    0.012027] Mount-cache hash table entries: 4096 (order: 3, 32768 bytes)
[    0.012908] Mountpoint-cache hash table entries: 4096 (order: 3, 32768 bytes)
[    0.014274] Last level iTLB entries: 4KB 64, 2MB 8, 4MB 8
[    0.015201] Last level dTLB entries: 4KB 64, 2MB 0, 4MB 0, 1GB 4
[    0.016007] Spectre V1 : Mitigation: usercopy/swapgs barriers and __user pointer sanitization
[    0.017291] Spectre V2 : Mitigation: Retpolines
[    0.017981] Spectre V2 : Spectre v2 / SpectreRSB mitigation: Filling RSB on context switch
[    0.020003] Spectre V2 : Spectre v2 / SpectreRSB : Filling RSB on VMEXIT
[    0.020848] RETBleed: WARNING: Spectre v2 mitigation leaves CPU vulnerable to RETBleed attacks, data leaks possible!
[    0.022170] RETBleed: Vulnerable
[    0.022619] Speculative Store Bypass: Vulnerable
[    0.023458] MDS: Mitigation: Clear CPU buffers
[    0.024002] MMIO Stale Data: Mitigation: Clear CPU buffers
[    0.024880] SRBDS: Unknown: Dependent on hypervisor status
[    0.025967] Freeing SMP alternatives memory: 36K
[    0.137392] smpboot: CPU0: Intel(R) Core(TM) i5-8265U CPU @ 1.60GHz (family: 0x6, model: 0x8e, stepping: 0xc)
[    0.138882] Performance Events: unsupported p6 CPU model 142 no PMU driver, software events only.
[    0.140000] Hierarchical SRCU implementation.
[    0.140000] NMI watchdog: Perf event create on CPU 0 failed with -2
[    0.140002] NMI watchdog: Perf NMI watchdog permanently disabled
[    0.140875] smp: Bringing up secondary CPUs ...
[    0.141763] x86: Booting SMP configuration:
[    0.142384] .... node  #0, CPUs:      #1
[    0.004000] kvm-clock: cpu 1, msr 0:7ff44041, secondary cpu clock
[    0.146175] smp: Brought up 1 node, 2 CPUs
[    0.146175] smpboot: Max logical packages: 1
[    0.146175] smpboot: Total of 2 processors activated (7200.00 BogoMIPS)
[    0.148117] devtmpfs: initialized
[    0.149367] x86/mm: Memory block size: 128MB
[    0.151233] evm: security.selinux
[    0.152004] evm: security.SMACK64
[    0.152492] evm: security.SMACK64EXEC
[    0.153018] evm: security.SMACK64TRANSMUTE
[    0.153590] evm: security.SMACK64MMAP
[    0.154133] evm: security.apparmor
[    0.156002] evm: security.ima
[    0.156431] evm: security.capability
[    0.157021] clocksource: jiffies: mask: 0xffffffff max_cycles: 0xffffffff, max_idle_ns: 7645041785100000 ns
[    0.157410] futex hash table entries: 512 (order: 3, 32768 bytes)
[    0.160076] pinctrl core: initialized pinctrl subsystem
[    0.160908] RTC time:  0:25:16, date: 05/02/23
[    0.161687] NET: Registered protocol family 16
[    0.162395] audit: initializing netlink subsys (disabled)
[    0.163134] audit: type=2000 audit(1682987121.786:1): state=initialized audit_enabled=0 res=1
[    0.164010] cpuidle: using governor ladder
[    0.164629] cpuidle: using governor menu
[    0.165198] ACPI: bus type PCI registered
[    0.165748] acpiphp: ACPI Hot Plug PCI Controller Driver version: 0.5
[    0.166664] PCI: Using configuration type 1 for base access
[    0.168649] HugeTLB registered 2.00 MiB page size, pre-allocated 0 pages
[    0.169002] ACPI: Added _OSI(Module Device)
[    0.169002] ACPI: Added _OSI(Processor Device)
[    0.169225] ACPI: Added _OSI(3.0 _SCP Extensions)
[    0.172004] ACPI: Added _OSI(Processor Aggregator Device)
[    0.172703] ACPI: Added _OSI(Linux-Dell-Video)
[    0.173304] ACPI: Added _OSI(Linux-Lenovo-NV-HDMI-Audio)
[    0.173994] ACPI: Added _OSI(Linux-HPI-Hybrid-Graphics)
[    0.175035] ACPI: Executed 1 blocks of module-level executable AML code
[    0.178609] ACPI: Interpreter enabled
[    0.179149] ACPI: (supports S0 S5)
[    0.180002] ACPI: Using IOAPIC for interrupt routing
[    0.180930] PCI: Using host bridge windows from ACPI; if necessary, use "pci=nocrs" and report a bug
[    0.182369] ACPI: Enabled 2 GPEs in block 00 to 07
[    0.187807] ACPI: PCI Root Bridge [PCI0] (domain 0000 [bus 00-ff])
[    0.188006] acpi PNP0A03:00: _OSC: OS supports [ASPM ClockPM Segments MSI]
[    0.189259] acpi PNP0A03:00: _OSC: not requesting OS control; OS requires [ExtendedConfig ASPM ClockPM MSI]
[    0.190892] acpi PNP0A03:00: fail to add MMCONFIG information, can't access extended PCI configuration space under this bridge.
[    0.192341] PCI host bridge to bus 0000:00
[    0.193380] pci_bus 0000:00: root bus resource [io  0x0000-0x0cf7 window]
[    0.194247] pci_bus 0000:00: root bus resource [io  0x0d00-0xffff window]
[    0.196027] pci_bus 0000:00: root bus resource [mem 0x000a0000-0x000bffff window]
[    0.197055] pci_bus 0000:00: root bus resource [mem 0x80000000-0xfdffffff window]
[    0.198343] pci_bus 0000:00: root bus resource [bus 00-ff]
[    0.201472] pci 0000:00:01.1: legacy IDE quirk: reg 0x10: [io  0x01f0-0x01f7]
[    0.202609] pci 0000:00:01.1: legacy IDE quirk: reg 0x14: [io  0x03f6]
[    0.203660] pci 0000:00:01.1: legacy IDE quirk: reg 0x18: [io  0x0170-0x0177]
[    0.204003] pci 0000:00:01.1: legacy IDE quirk: reg 0x1c: [io  0x0376]
[    0.249411] pci 0000:00:07.0: quirk: [io  0x4000-0x403f] claimed by PIIX4 ACPI
[    0.250665] pci 0000:00:07.0: quirk: [io  0x4100-0x410f] claimed by PIIX4 SMB
[    0.290329] ACPI: PCI Interrupt Link [LNKA] (IRQs 5 9 10 *11)
[    0.292359] ACPI: PCI Interrupt Link [LNKB] (IRQs 5 9 *10 11)
[    0.294947] ACPI: PCI Interrupt Link [LNKC] (IRQs 5 *9 10 11)
[    0.296000] ACPI: PCI Interrupt Link [LNKD] (IRQs 5 9 10 *11)
[    0.296391] SCSI subsystem initialized
[    0.297138] pci 0000:00:02.0: vgaarb: setting as boot VGA device
[    0.297138] pci 0000:00:02.0: vgaarb: VGA device added: decodes=io+mem,owns=io+mem,locks=none
[    0.300013] pci 0000:00:02.0: vgaarb: bridge control possible
[    0.300916] vgaarb: loaded
[    0.301458] ACPI: bus type USB registered
[    0.304039] usbcore: registered new interface driver usbfs
[    0.305069] usbcore: registered new interface driver hub
[    0.305951] usbcore: registered new device driver usb
[    0.306877] EDAC MC: Ver: 3.0.0
[    0.308217] PCI: Using ACPI for IRQ routing
[    0.308973] NetLabel: Initializing
[    0.309526] NetLabel:  domain hash size = 128
[    0.310193] NetLabel:  protocols = UNLABELED CIPSOv4 CALIPSO
[    0.311036] NetLabel:  unlabeled traffic allowed by default
[    0.312080] clocksource: Switched to clocksource kvm-clock
[    0.327700] VFS: Disk quotas dquot_6.6.0
[    0.328956] VFS: Dquot-cache hash table entries: 512 (order 0, 4096 bytes)
[    0.330238] AppArmor: AppArmor Filesystem Enabled
[    0.331014] pnp: PnP ACPI init
[    0.332594] pnp: PnP ACPI: found 3 devices
[    0.342911] clocksource: acpi_pm: mask: 0xffffff max_cycles: 0xffffff, max_idle_ns: 2085701024 ns
[    0.344838] NET: Registered protocol family 2
[    0.345653] IP idents hash table entries: 32768 (order: 6, 262144 bytes)
[    0.347085] TCP established hash table entries: 16384 (order: 5, 131072 bytes)
[    0.348358] TCP bind hash table entries: 16384 (order: 6, 262144 bytes)
[    0.350713] TCP: Hash tables configured (established 16384 bind 16384)
[    0.352794] UDP hash table entries: 1024 (order: 3, 32768 bytes)
[    0.354163] UDP-Lite hash table entries: 1024 (order: 3, 32768 bytes)
[    0.355899] NET: Registered protocol family 1
[    0.357059] pci 0000:00:00.0: Limiting direct PCI/PCI transfers
[    0.358986] pci 0000:00:01.0: Activating ISA DMA hang workarounds
[    0.361138] pci 0000:00:02.0: Video device with shadowed ROM at [mem 0x000c0000-0x000dffff]
[    0.363055] Unpacking initramfs...
[    0.634486] Freeing initrd memory: 19532K
[    0.635210] clocksource: tsc: mask: 0xffffffffffffffff max_cycles: 0x19f22b76be8, max_idle_ns: 440795216487 ns
[    0.636572] platform rtc_cmos: registered platform RTC device (no PNP device found)
[    0.637740] Scanning for low memory corruption every 60 seconds
[    0.639188] Initialise system trusted keyrings
[    0.639821] Key type blacklist registered
[    0.641049] workingset: timestamp_bits=36 max_order=19 bucket_order=0
[    0.642692] zbud: loaded
[    0.643661] squashfs: version 4.0 (2009/01/31) Phillip Lougher
[    0.644747] fuse init (API version 7.26)
[    0.646768] Key type asymmetric registered
[    0.647345] Asymmetric key parser 'x509' registered
[    0.648039] Block layer SCSI generic (bsg) driver version 0.4 loaded (major 246)
[    0.649081] io scheduler noop registered
[    0.649644] io scheduler deadline registered
[    0.650252] io scheduler cfq registered (default)
[    0.651254] ACPI: AC Adapter [AC] (on-line)
[    0.651975] input: Power Button as /devices/LNXSYSTM:00/LNXPWRBN:00/input/input0
[    0.653110] ACPI: Power Button [PWRF]
[    0.653831] input: Sleep Button as /devices/LNXSYSTM:00/LNXSLPBN:00/input/input1
[    0.655029] ACPI: Sleep Button [SLPF]
[    0.656764] ACPI: Battery Slot [BAT0] (battery present)
[    0.657576] Serial: 8250/16550 driver, 32 ports, IRQ sharing enabled
[    0.679148] 00:02: ttyS0 at I/O 0x3f8 (irq = 4, base_baud = 115200) is a 16550A
[    0.682747] Linux agpgart interface v0.103
[    0.684615] loop: module loaded
[    0.685578] scsi host0: ata_piix
[    0.686268] scsi host1: ata_piix
[    0.686917] ata1: PATA max UDMA/33 cmd 0x1f0 ctl 0x3f6 bmdma 0xd000 irq 14
[    0.687984] ata2: PATA max UDMA/33 cmd 0x170 ctl 0x376 bmdma 0xd008 irq 15
[    0.689209] tun: Universal TUN/TAP device driver, 1.6
[    0.690155] PPP generic driver version 2.4.2
[    0.690971] ehci_hcd: USB 2.0 'Enhanced' Host Controller (EHCI) Driver
[    0.692048] ehci-pci: EHCI PCI platform driver
[    0.692753] ehci-platform: EHCI generic platform driver
[    0.693471] ohci_hcd: USB 1.1 'Open' Host Controller (OHCI) Driver
[    0.694332] ohci-pci: OHCI PCI platform driver
[    0.694978] ohci-platform: OHCI generic platform driver
[    0.695741] uhci_hcd: USB Universal Host Controller Interface driver
[    0.696690] i8042: PNP: PS/2 Controller [PNP0303:PS2K,PNP0f03:PS2M] at 0x60,0x64 irq 1,12
[    0.698492] serio: i8042 KBD port at 0x60,0x64 irq 1
[    0.699404] serio: i8042 AUX port at 0x60,0x64 irq 12
[    0.700466] mousedev: PS/2 mouse device common for all mice
[    0.701903] input: AT Translated Set 2 keyboard as /devices/platform/i8042/serio0/input/input2
[    0.703472] rtc_cmos rtc_cmos: rtc core: registered rtc_cmos as rtc0
[    0.704588] rtc_cmos rtc_cmos: alarms up to one day, 114 bytes nvram
[    0.705594] i2c /dev entries driver
[    0.706211] device-mapper: uevent: version 1.0.3
[    0.706945] device-mapper: ioctl: 4.37.0-ioctl (2017-09-20) initialised: dm-devel@redhat.com
[    0.708109] ledtrig-cpu: registered to indicate activity on CPUs
[    0.709246] NET: Registered protocol family 10
[    0.713069] Segment Routing with IPv6
[    0.713639] NET: Registered protocol family 17
[    0.714339] Key type dns_resolver registered
[    0.715061] mce: Using 0 MCE banks
[    0.715550] RAS: Correctable Errors collector initialized.
[    0.716437] sched_clock: Marking stable (716356134, 0)->(856824817, -140468683)
[    0.717922] registered taskstats version 1
[    0.718554] Loading compiled-in X.509 certificates
[    0.721080] Loaded X.509 cert 'Build time autogenerated kernel key: 34a8448b8ea51591fef45052227f4b706811bd64'
[    0.722861] Loaded X.509 cert 'Canonical Ltd. Live Patch Signing: 14df34d1a87cf37625abec039ef2bf521249b969'
[    0.724638] Loaded X.509 cert 'Canonical Ltd. Kernel Module Signing: 88f752e560a1e0737e31163a466ad7b70a850c19'
[    0.725932] blacklist: Loading compiled-in revocation X.509 certificates
[    0.726823] Loaded X.509 cert 'Canonical Ltd. Secure Boot Signing: 61482aa2830d0ab2ad5af10b7250da9033ddcef0'
[    0.728199] Loaded X.509 cert 'Canonical Ltd. Secure Boot Signing (2017): 242ade75ac4a15e50d50c84b0d45ff3eae707a03'
[    0.729539] Loaded X.509 cert 'Canonical Ltd. Secure Boot Signing (ESM 2018): 365188c1d374d6b07c3c8f240f8ef722433d6a8b'
[    0.730963] Loaded X.509 cert 'Canonical Ltd. Secure Boot Signing (2019): c0746fd6c5da3ae827864651ad66ae47fe24b3e8'
[    0.732367] Loaded X.509 cert 'Canonical Ltd. Secure Boot Signing (2021 v1): a8d54bbb3825cfb94fa13c9f8a594a195c107b8d'
[    0.733720] Loaded X.509 cert 'Canonical Ltd. Secure Boot Signing (2021 v2): 4cf046892d6fd3c9a5b03f98d845f90851dc6a8c'
[    0.735254] Loaded X.509 cert 'Canonical Ltd. Secure Boot Signing (2021 v3): 100437bb6de6e469b581e61cd66bce3ef4ed53af'
[    0.736748] Loaded X.509 cert 'Canonical Ltd. Secure Boot Signing (Ubuntu Core 2019): c1d57b8f6b743f23ee41f4f7ee292f06eecadfb9'
[    0.738320] zswap: loaded using pool lzo/zbud
[    0.743041] Key type big_key registered
[    0.743783] Key type trusted registered
[    0.746660] Key type encrypted registered
[    0.747276] AppArmor: AppArmor sha1 policy hashing enabled
[    0.747989] ima: No TPM chip found, activating TPM-bypass! (rc=-19)
[    0.748821] ima: Allocated hash algorithm: sha1
[    0.749533] evm: HMAC attrs: 0x1
[    0.750208]   Magic number: 7:513:404
[    0.750827] rtc_cmos rtc_cmos: setting system clock to 2023-05-02 00:25:17 UTC (1682987117)
[    0.752201] BIOS EDD facility v0.16 2004-Jun-25, 0 devices found
[    0.752984] EDD information not available.
[    0.891197] Freeing unused kernel image memory: 2480K
[    1.148112] Write protecting the kernel read-only data: 20480k
[    1.150133] Freeing unused kernel image memory: 2008K
[    1.151842] Freeing unused kernel image memory: 1820K
[    1.162539] x86/mm: Checked W+X mappings: passed, no W+X pages found.
[    1.163785] x86/mm: Checking user space page tables
[    1.172385] x86/mm: Checked W+X mappings: passed, no W+X pages found.
Loading, please wait...
starting version 237
[    1.264103] e1000: Intel(R) PRO/1000 Network Driver - version 7.3.21-k8-NAPI
[    1.265215] e1000: Copyright (c) 1999-2006 Intel Corporation.
[    1.286457] Fusion MPT base driver 3.04.20
[    1.287360] Copyright (c) 1999-2008 LSI Corporation
[    1.293622] AVX2 version of gcm_enc/dec engaged.
[    1.294508] AES CTR mode by8 optimization enabled
[    1.302267] Fusion MPT SPI Host driver 3.04.20
[    1.478267] input: ImExPS/2 Generic Explorer Mouse as /devices/platform/i8042/serio1/input/input4
[    1.680208] e1000 0000:00:03.0 eth0: (PCI:33MHz:32-bit) 02:a3:74:7a:05:58
[    1.681491] e1000 0000:00:03.0 eth0: Intel(R) PRO/1000 Network Connection
[    1.684315] mptbase: ioc0: Initiating bringup
[    2.329230] ioc0: LSI53C1030 A0: Capabilities={Initiator}
[    4.534154] scsi host2: ioc0: LSI53C1030 A0, FwRev=00000000h, Ports=1, MaxQ=256, IRQ=20
[    6.104642] scsi 2:0:0:0: Direct-Access     VBOX     HARDDISK         1.0  PQ: 0 ANSI: 5
[    6.140058] scsi target2:0:0: Beginning Domain Validation
[    6.141956] scsi target2:0:0: Domain Validation skipping write tests
[    6.143180] scsi target2:0:0: Ending Domain Validation
[    6.144376] scsi target2:0:0: asynchronous
[    6.145629] scsi 2:0:1:0: Direct-Access     VBOX     HARDDISK         1.0  PQ: 0 ANSI: 5
[    6.439883] scsi target2:0:1: Beginning Domain Validation
[    6.442309] scsi target2:0:1: Domain Validation skipping write tests
[    6.443436] scsi target2:0:1: Ending Domain Validation
[    6.444969] scsi target2:0:1: asynchronous
[    6.450522] sd 2:0:0:0: Attached scsi generic sg0 type 0
[    6.451872] sd 2:0:0:0: [sda] 83886080 512-byte logical blocks: (42.9 GB/40.0 GiB)
[    6.454901] sd 2:0:0:0: [sda] Write Protect is off
[    6.456541] sd 2:0:0:0: [sda] Incomplete mode parameter data
[    6.457653] sd 2:0:0:0: [sda] Assuming drive cache: write through
[    6.459028] sd 2:0:1:0: Attached scsi generic sg1 type 0
[    6.460528] sd 2:0:1:0: [sdb] 20480 512-byte logical blocks: (10.5 MB/10.0 MiB)
[    6.462102] sd 2:0:1:0: [sdb] Write Protect is off
[    6.463212] sd 2:0:1:0: [sdb] Incomplete mode parameter data
[    6.464636] sd 2:0:1:0: [sdb] Assuming drive cache: write through
[    6.467121]  sda: sda1
[    6.468561] sd 2:0:0:0: [sda] Attached SCSI disk
[    6.470060] sd 2:0:1:0: [sdb] Attached SCSI disk
[    6.481280] e1000 0000:00:08.0 eth1: (PCI:33MHz:32-bit) 08:00:27:2d:f8:7c
[    6.482649] e1000 0000:00:08.0 eth1: Intel(R) PRO/1000 Network Connection
[    6.486449] e1000 0000:00:08.0 enp0s8: renamed from eth1
[    6.504938] e1000 0000:00:03.0 enp0s3: renamed from eth0
Begin: Loading essential drivers ... [    7.964771] raid6: sse2x1   gen() 13354 MB/s
[    8.022125] raid6: sse2x1   xor()  8840 MB/s
[    8.076008] raid6: sse2x2   gen() 14505 MB/s
[    8.131741] raid6: sse2x2   xor()  8741 MB/s
[    8.183921] raid6: sse2x4   gen() 11571 MB/s
[    8.239680] raid6: sse2x4   xor()  6491 MB/s
[    8.300026] raid6: avx2x1   gen() 17812 MB/s
[    8.348058] raid6: avx2x1   xor() 10721 MB/s
[    8.400375] raid6: avx2x2   gen() 24220 MB/s
[    8.448022] raid6: avx2x2   xor() 14334 MB/s
[    8.496113] raid6: avx2x4   gen() 18539 MB/s
[    8.556053] raid6: avx2x4   xor() 10925 MB/s
[    8.556895] raid6: using algorithm avx2x2 gen() 24220 MB/s
[    8.557918] raid6: .... xor() 14334 MB/s, rmw enabled
[    8.558719] raid6: using avx2x2 recovery algorithm
[    8.561000] xor: automatically using best checksumming function   avx       
[    8.563302] async_tx: api initialized (async)
done.
Begin: Running /scripts/init-premount ... done.
Begin: Mounting root file system ... Begin: Running /scripts/local-top ... done.
Begin: Running /scripts/local-premount ... [    8.614142] Btrfs loaded, crc32c=crc32c-intel
Scanning for Btrfs filesystems
done.
Warning: fsck not present, so skipping root file system
[    8.647427] EXT4-fs (sda1): mounted filesystem with ordered data mode. Opts: (null)
done.
Begin: Running /scripts/local-bottom ... done.
Begin: Running /scripts/init-bottom ... done.
[    8.842762] ip_tables: (C) 2000-2006 Netfilter Core Team
[    8.853785] systemd[1]: systemd 237 running in system mode. (+PAM +AUDIT +SELINUX +IMA +APPARMOR +SMACK +SYSVINIT +UTMP +LIBCRYPTSETUP +GCRYPT +GNUTLS +ACL +XZ +LZ4 +SECCOMP +BLKID +ELFUTILS +KMOD -IDN2 +IDN -PCRE2 default-hierarchy=hybrid)
[    8.857729] systemd[1]: Detected virtualization oracle.
[    8.858536] systemd[1]: Detected architecture x86-64.

Welcome to [1mUbuntu 18.04.6 LTS[0m!

[    8.864499] systemd[1]: Set hostname to <ubuntu>.
[    8.867765] systemd[1]: Initializing machine ID from random generator.
[    8.868939] systemd[1]: Installed transient /etc/machine-id file.
[    9.212275] systemd[1]: Reached target User and Group Name Lookups.
[[0;32m  OK  [0m] Reached target User and Group Name Lookups.
[    9.213921] systemd[1]: Reached target System Time Synchronized.
[[0;32m  OK  [0m] Reached target System Time Synchronized.
[    9.215465] systemd[1]: Set up automount Arbitrary Executable File Formats File System Automount Point.
[[0;32m  OK  [0m] Set up automount Arbitrary Executab…rmats File System Automount Point.
[    9.218880] systemd[1]: Created slice User and Session Slice.
[[0;32m  OK  [0m] Created slice User and Session Slice.
[[0;32m  OK  [0m] Reached target Swap.
[[0;32m  OK  [0m] Started Forward Password Requests to Wall Directory Watch.
[[0;32m  OK  [0m] Reached target Mounting snaps.
[[0;32m  OK  [0m] Created slice System Slice.
[[0;32m  OK  [0m] Listening on /dev/initctl Compatibility Named Pipe.
[[0;32m  OK  [0m] Listening on Journal Socket.
[[0;32m  OK  [0m] Reached target Slices.
         Mounting Huge Pages File System...
[[0;32m  OK  [0m] Listening on udev Control Socket.
[[0;32m  OK  [0m] Created slice system-serial\x2dgetty.slice.
         Mounting Kernel Debug File System...
         Starting Create list of required st…ce nodes for the current kernel...
[[0;32m  OK  [0m] Listening on udev Kernel Socket.
[[0;32m  OK  [0m] Listening on Device-mapper event daemon FIFOs.
         Starting Uncomplicated firewall...
         Starting Load Kernel Modules...
         Starting Set the console keyboard layout...
[[0;32m  OK  [0m] Listening on LVM2 metadata daemon socket.
         Starting Monitoring of LVM2 mirrors…ng dmeventd or progress polling...
         [    9.271017] Loading iSCSI transport class v2.0-870.
Starting udev Coldplug all Devices...
[[0;32m  OK  [0m] Listening on Journal Socket (/dev/log).
         Mounting POSIX Message Queue File System...
[[0;32m  OK  [0m] Listening on Journal Audit Socket.
[[0;32m  OK  [0m] Listening on fsck to fsckd communication Socket.
         Starting File System Check on Root Device...
[[0;32m  OK  [0m] Listening on LVM2 poll daemon socket.
[[0;32m  OK  [0m] Listening on Syslog Socket.
[    9.280178] iscsi: registered transport (tcp)
         Starting Journal Service...
[[0;32m  OK  [0m] Listening on Network Service Netlink Socket.
[[0;32m  OK  [0m] Reached target Mounted snaps.
[[0;32m  OK  [0m] Mounted Huge Pages File System.
[[0;32m  OK  [0m] Mounted Kernel Debug File System.
[[0;32m  OK  [0m] Started Create list of required sta…vice nodes for the current kernel.
[[0;32m  OK  [0m] Started Uncomplicated firewall.
[[0;32m  OK  [0m] Mounted POSIX Message Queue File System.
         Starting Create Static Device Nodes in /dev...
[    9.299682] iscsi: registered transport (iser)
[[0;32m  OK  [0m] Started Load Kernel Modules.
         Mounting Kernel Configuration File System...
         Mounting FUSE Control File System...
         Starting Apply Kernel Variables...
[[0;32m  OK  [0m] Mounted Kernel Configuration File System.
[[0;32m  OK  [0m] Mounted FUSE Control File System.
[[0;32m  OK  [0m] Started LVM2 metadata daemon.
[[0;32m  OK  [0m] Started udev Coldplug all Devices.
[[0;32m  OK  [0m] Started File System Check Daemon to report status.
[[0;32m  OK  [0m] Started Journal Service.
[[0;32m  OK  [0m] Started Create Static Device Nodes in /dev.
[[0;32m  OK  [0m] Started File System Check on Root Device.
         Starting Remount Root and Kernel File Systems...
[[0;32m  OK  [0m] Started Apply Kernel Variables.
[[0;32m  OK  [0m] Started Remount Root and Kernel File Systems.
         Starting Flush Journal to Persistent Storage...
         Starting Load/Save Random Seed...
         Starting udev Kernel Device Manager...
[[0;32m  OK  [0m] Started Monitoring of LVM2 mirrors,…sing dmeventd or progress polling.
[[0;32m  OK  [0m] Started Load/Save Random Seed.
[[0;32m  OK  [0m] Started udev Kernel Device Manager.
[[0;32m  OK  [0m] Started Flush Journal to Persistent Storage.
[[0;32m  OK  [0m] Found device /dev/ttyS0.
[[0;32m  OK  [0m] Listening on Load/Save RF Kill Switch Status /dev/rfkill Watch.
         Mounting Arbitrary Executable File Formats File System...
[[0;32m  OK  [0m] Mounted Arbitrary Executable File Formats File System.
[[0;32m  OK  [0m] Started Set the console keyboard layout.
[[0;32m  OK  [0m] Reached target Local File Systems (Pre).
[[0;32m  OK  [0m] Reached target Local File Systems.
         Starting Set console font and keymap...
         Starting Commit a transient machine-id on disk...
         Starting AppArmor initialization...
         Starting Tell Plymouth To Write Out Runtime Data...
         Starting ebtables ruleset management...
         Starting Create Volatile Files and Directories...
[[0;32m  OK  [0m] Started Dispatch Password Requests to Console Directory Watch.
[[0;32m  OK  [0m] Reached target Local Encrypted Volumes.
[[0;32m  OK  [0m] Started Tell Plymouth To Write Out Runtime Data.
[[0;32m  OK  [0m] Started Create Volatile Files and Directories.
         Starting Update UTMP about System Boot/Shutdown...
[[0;32m  OK  [0m] Started Update UTMP about System Boot/Shutdown.
[[0;32m  OK  [0m] Started Commit a transient machine-id on disk.
[[0;32m  OK  [0m] Started ebtables ruleset management.
[[0;32m  OK  [0m] Started AppArmor initialization.
         Starting Load AppArmor profiles managed internally by snapd...
         Starting Initial cloud-init job (pre-networking)...
[[0;32m  OK  [0m] Started Load AppArmor profiles managed internally by snapd.
[[0;32m  OK  [0m] Started Set console font and keymap.
[   13.241348] cloud-init[836]: Cloud-init v. 23.1.1-0ubuntu0~18.04.1 running 'init-local' at Tue, 02 May 2023 00:25:29 +0000. Up 12.92 seconds.
[[0;32m  OK  [0m] Started Initial cloud-init job (pre-networking).
[[0;32m  OK  [0m] Reached target Network (Pre).
         Starting Network Service...
[[0;32m  OK  [0m] Started Network Service.
         Starting Network Name Resolution...
         Starting Wait for Network to be Configured...
[[0;32m  OK  [0m] Started Network Name Resolution.
[[0;32m  OK  [0m] Reached target Network.
[[0;32m  OK  [0m] Reached target Host and Network Name Lookups.
[[0;32m  OK  [0m] Started Wait for Network to be Configured.
         Starting Initial cloud-init job (metadata service crawler)...
[   15.457276] cloud-init[992]: Cloud-init v. 23.1.1-0ubuntu0~18.04.1 running 'init' at Tue, 02 May 2023 00:25:32 +0000. Up 15.34 seconds.
[   15.458346] cloud-init[992]: ci-info: ++++++++++++++++++++++++++++++++++++++Net device info++++++++++++++++++++++++++++++++++++++
[   15.459460] cloud-init[992]: ci-info: +--------+-------+---------------------------+---------------+--------+-------------------+
[   15.460661] cloud-init[992]: ci-info: | Device |   Up  |          Address          |      Mask     | Scope  |     Hw-Address    |
[   15.461956] cloud-init[992]: ci-info: +--------+-------+---------------------------+---------------+--------+-------------------+
[   15.463185] cloud-init[992]: ci-info: | enp0s3 |  True |         10.0.2.15         | 255.255.255.0 | global | 02:a3:74:7a:05:58 |
[   15.464183] cloud-init[992]: ci-info: | enp0s3 |  True | fe80::a3:74ff:fe7a:558/64 |       .       |  link  | 02:a3:74:7a:05:58 |
[   15.465177] cloud-init[992]: ci-info: | enp0s8 | False |             .             |       .       |   .    | 08:00:27:2d:f8:7c |
[   15.466166] cloud-init[992]: ci-info: |   lo   |  True |         127.0.0.1         |   255.0.0.0   |  host  |         .         |
[   15.467176] cloud-init[992]: ci-info: |   lo   |  True |          ::1/128          |       .       |  host  |         .         |
[   15.468168] cloud-init[992]: ci-info: +--------+-------+---------------------------+---------------+--------+-------------------+
[   15.469145] cloud-init[992]: ci-info: ++++++++++++++++++++++++++++Route IPv4 info+++++++++++++++++++++++++++++
[   15.470008] cloud-init[992]: ci-info: +-------+-------------+----------+-----------------+-----------+-------+
[   15.470873] cloud-init[992]: ci-info: | Route | Destination | Gateway  |     Genmask     | Interface | Flags |
[   15.471770] cloud-init[992]: ci-info: +-------+-------------+----------+-----------------+-----------+-------+
[   15.472681] cloud-init[992]: ci-info: |   0   |   0.0.0.0   | 10.0.2.2 |     0.0.0.0     |   enp0s3  |   UG  |
[   15.473530] cloud-init[992]: ci-info: |   1   |   10.0.2.0  | 0.0.0.0  |  255.255.255.0  |   enp0s3  |   U   |
[   15.474396] cloud-init[992]: ci-info: |   2   |   10.0.2.2  | 0.0.0.0  | 255.255.255.255 |   enp0s3  |   UH  |
[   15.475265] cloud-init[992]: ci-info: +-------+-------------+----------+-----------------+-----------+-------+
[   15.476104] cloud-init[992]: ci-info: +++++++++++++++++++Route IPv6 info+++++++++++++++++++
[   15.476826] cloud-init[992]: ci-info: +-------+-------------+---------+-----------+-------+
[   15.477543] cloud-init[992]: ci-info: | Route | Destination | Gateway | Interface | Flags |
[   15.478247] cloud-init[992]: ci-info: +-------+-------------+---------+-----------+-------+
[   15.479071] cloud-init[992]: ci-info: |   1   |  fe80::/64  |    ::   |   enp0s3  |   U   |
[   15.479794] cloud-init[992]: ci-info: |   3   |    local    |    ::   |   enp0s3  |   U   |
[   15.480524] cloud-init[992]: ci-info: |   4   |   ff00::/8  |    ::   |   enp0s3  |   U   |
[   15.481246] cloud-init[992]: ci-info: +-------+-------------+---------+-----------+-------+
[   16.323138] cloud-init[992]: Generating public/private rsa key pair.
[   16.323802] cloud-init[992]: Your identification has been saved in /etc/ssh/ssh_host_rsa_key.
[   16.324644] cloud-init[992]: Your public key has been saved in /etc/ssh/ssh_host_rsa_key.pub.
[   16.325476] cloud-init[992]: The key fingerprint is:
[   16.326000] cloud-init[992]: SHA256:r7du5zs7nXlhv/KC2v4MHM4B8+T0uYbAtLTyRFaJ9h4 root@ubuntu-bionic
[   16.326914] cloud-init[992]: The key's randomart image is:
[   16.327539] cloud-init[992]: +---[RSA 2048]----+
[   16.328152] cloud-init[992]: |          ...    |
[   16.328628] cloud-init[992]: |         o..     |
[   16.329106] cloud-init[992]: |        .B.o     |
[   16.329557] cloud-init[992]: |        * XE. .  |
[   16.330030] cloud-init[992]: |       .S*.=.o   |
[   16.330531] cloud-init[992]: |        +.=.+ .o |
[   16.331063] cloud-init[992]: |         ..*.+.oo|
[   16.331637] cloud-init[992]: |         .+.Bo+ o|
[   16.332286] cloud-init[992]: |        .==*=B++.|
[   16.332917] cloud-init[992]: +----[SHA256]-----+
[   16.333398] cloud-init[992]: Generating public/private dsa key pair.
[   16.334031] cloud-init[992]: Your identification has been saved in /etc/ssh/ssh_host_dsa_key.
[   16.334822] cloud-init[992]: Your public key has been saved in /etc/ssh/ssh_host_dsa_key.pub.
[   16.335792] cloud-init[992]: The key fingerprint is:
[   16.336355] cloud-init[992]: SHA256:fAAo9Ql01pPTEPnK/XQbp19A23+KXx/h1Z4rUANqh/I root@ubuntu-bionic
[   16.337240] cloud-init[992]: The key's randomart image is:
[   16.337895] cloud-init[992]: +---[DSA 1024]----+
[   16.338472] cloud-init[992]: |   o+.+.o*       |
[   16.338894] cloud-init[992]: |  . .= o* ..     |
[   16.339528] cloud-init[992]: |   .  o .+o . .  |
[   16.340052] cloud-init[992]: |       o =.. + o.|
[   16.340505] cloud-init[992]: |       .Soo . +.+|
[   16.340940] cloud-init[992]: |        oE... +o*|
[   16.341355] cloud-init[992]: |           o.. O*|
[   16.341766] cloud-init[992]: |            .ooo*|
[   16.342180] cloud-init[992]: |            ..+oo|
[   16.342622] cloud-init[992]: +----[SHA256]-----+
[   16.343097] cloud-init[992]: Generating public/private ecdsa key pair.
[   16.343682] cloud-init[992]: Your identification has been saved in /etc/ssh/ssh_host_ecdsa_key.
[   16.344424] cloud-init[992]: Your public key has been saved in /etc/ssh/ssh_host_ecdsa_key.pub.
[   16.345158] cloud-init[992]: The key fingerprint is:
[   16.345620] cloud-init[992]: SHA256:9MocGKw2dxIaWpdBX/b0kyBIP8ymHN1ogHydhKgtBeE root@ubuntu-bionic
[   16.346491] cloud-init[992]: The key's randomart image is:
[   16.346983] cloud-init[992]: +---[ECDSA 256]---+
[   16.347406] cloud-init[992]: |    o=o+o==.o    |
[   16.347824] cloud-init[992]: |   . .=++Oo* o . |
[   16.348267] cloud-init[992]: |    E+*.+ X o +  |
[   16.348683] cloud-init[992]: |   oo=.* * .   . |
[   16.349096] cloud-init[992]: |  . =.+ S .      |
[   16.349534] cloud-init[992]: |   . o = o       |
[   16.350095] cloud-init[992]: |        +        |
[   16.350561] cloud-init[992]: |                 |
[   16.351043] cloud-init[992]: |                 |
[   16.351522] cloud-init[992]: +----[SHA256]-----+
[   16.352131] cloud-init[992]: Generating public/private ed25519 key pair.
[   16.352907] cloud-init[992]: Your identification has been saved in /etc/ssh/ssh_host_ed25519_key.
[   16.353943] cloud-init[992]: Your public key has been saved in /etc/ssh/ssh_host_ed25519_key.pub.
[   16.354961] cloud-init[992]: The key fingerprint is:
[   16.355613] cloud-init[992]: SHA256:Ef2dww0N99OJJToQQf7fSgScMtnRfNZhmdiM/h5m2rs root@ubuntu-bionic
[   16.356736] cloud-init[992]: The key's randomart image is:
[   16.357367] cloud-init[992]: +--[ED25519 256]--+
[   16.357900] cloud-init[992]: |        o*o.o.***|
[   16.358454] cloud-init[992]: |        ..* +=*O*|
[   16.376283] cloud-init[992]: |        .= O.+o*o|
[   16.376825] cloud-init[992]: |         .+ +.= o|
[   16.377394] cloud-init[992]: |        S  . ... |
[   16.378103] cloud-init[992]: |            o .= |
[   16.378866] cloud-init[992]: |             o*..|
[   16.379775] cloud-init[992]: |            ...o |
[   16.380679] cloud-init[992]: |             . Eo|
[   16.381429] cloud-init[992]: +----[SHA256]-----+
[[0;32m  OK  [0m] Started Initial cloud-init job (metadata service crawler).
[[0;32m  OK  [0m] Reached target System Initialization.
[[0;32m  OK  [0m] Listening on cloud-init hotplug hook socket.
         Starting LXD - unix socket.
[[0;32m  OK  [0m] Started Daily Cleanup of Temporary Directories.
[[0;32m  OK  [0m] Started Daily apt download activities.
[[0;32m  OK  [0m] Listening on D-Bus System Message Bus Socket.
[[0;32m  OK  [0m] Started Ubuntu Advantage Timer for running repeated jobs.
[[0;32m  OK  [0m] Started Daily apt upgrade and clean activities.
[[0;32m  OK  [0m] Started Message of the Day.
[[0;32m  OK  [0m] Listening on ACPID Listen Socket.
[[0;32m  OK  [0m] Listening on UUID daemon activation socket.
[[0;32m  OK  [0m] Started Discard unused blocks once a week.
[[0;32m  OK  [0m] Reached target Timers.
[[0;32m  OK  [0m] Started ACPI Events Check.
[[0;32m  OK  [0m] Reached target Paths.
         Starting Socket activation for snappy daemon.
[[0;32m  OK  [0m] Listening on Open-iSCSI iscsid Socket.
[[0;32m  OK  [0m] Reached target Cloud-config availability.
[[0;32m  OK  [0m] Reached target Network is Online.
         Starting Availability of block devices...
[[0;32m  OK  [0m] Reached target Remote File Systems (Pre).
[[0;32m  OK  [0m] Reached target Remote File Systems.
[[0;32m  OK  [0m] Listening on LXD - unix socket.
[[0;32m  OK  [0m] Listening on Socket activation for snappy daemon.
[[0;32m  OK  [0m] Started Availability of block devices.
[[0;32m  OK  [0m] Reached target Sockets.
[[0;32m  OK  [0m] Reached target Basic System.
[[0;32m  OK  [0m] Started Deferred execution scheduler.
         Starting Permit User Sessions...
[[0;32m  OK  [0m] Reached target Login Prompts (Pre).
         Starting Virtualbox guest utils...
         Starting LSB: Record successful boot for GRUB...
         Starting LSB: automatic crash report generation...
         Starting System Logging Service...
[[0;32m  OK  [0m] Started irqbalance daemon.
[[0;32m  OK  [0m] Started FUSE filesystem for LXC.
[[0;32m  OK  [0m] Started Regular background program processing daemon.
[[0;32m  OK  [0m] Started D-Bus System Message Bus.
         Starting Dispatcher daemon for systemd-networkd...
         Starting Pollinate to seed the pseudo random number generator...
         Starting Login Service...
         Starting Snap Daemon...
         Starting Accounts Service...
         Starting LXD - container startup/shutdown...
[[0;32m  OK  [0m] Started System Logging Service.
[[0;32m  OK  [0m] Started Permit User Sessions.
[[0;32m  OK  [0m] Started Login Service.
[[0;32m  OK  [0m] Started Unattended Upgrades Shutdown.
         Starting Terminate Plymouth Boot Screen...
         Starting Hold until boot process finishes up...
[[0;32m  OK  [0m] Started Hold until boot process finishes up.
         Starting Set console scheme...
[[0;32m  OK  [0m] Started Serial Getty on ttyS0.
[[0;32m  OK  [0m] Started Terminate Plymouth Boot Screen.
[[0;32m  OK  [0m] Started LSB: automatic crash report generation.
[[0;32m  OK  [0m] Started Set console scheme.
[[0;32m  OK  [0m] Created slice system-getty.slice.
[[0;32m  OK  [0m] Started Getty on tty1.
[[0;32m  OK  [0m] Reached target Login Prompts.
[[0;32m  OK  [0m] Started LSB: Record successful boot for GRUB.
         Starting Authorization Manager...
[[0;32m  OK  [0m] Started Authorization Manager.
[[0;32m  OK  [0m] Started Accounts Service.
[[0;32m  OK  [0m] Started LXD - container startup/shutdown.
[[0;32m  OK  [0m] Started Virtualbox guest utils.
[[0;32m  OK  [0m] Started Dispatcher daemon for systemd-networkd.
[[0;32m  OK  [0m] Started Snap Daemon.
         Starting Wait until snapd is fully seeded...
         Starting Time & Date Service...
[[0;32m  OK  [0m] Started Time & Date Service.
[[0;32m  OK  [0m] Started Pollinate to seed the pseudo random number generator.
         Starting OpenBSD Secure Shell server...
[[0;32m  OK  [0m] Started OpenBSD Secure Shell server.
[[0;32m  OK  [0m] Created slice User Slice of vagrant.
         Starting User Manager for UID 1000...
[[0;32m  OK  [0m] Started Session 1 of user vagrant.
[[0;32m  OK  [0m] Started User Manager for UID 1000.

Ubuntu 18.04.6 LTS ubuntu-bionic ttyS0

ubuntu-bionic login: [   32.228888] cloud-init[2266]: Cloud-init v. 23.1.1-0ubuntu0~18.04.1 running 'modules:config' at Tue, 02 May 2023 00:25:48 +0000. Up 31.89 seconds.
ci-info: no authorized SSH keys fingerprints found for user ubuntu.
<14>May  2 00:25:49 cloud-init: #############################################################
<14>May  2 00:25:49 cloud-init: -----BEGIN SSH HOST KEY FINGERPRINTS-----
<14>May  2 00:25:49 cloud-init: 1024 SHA256:fAAo9Ql01pPTEPnK/XQbp19A23+KXx/h1Z4rUANqh/I root@ubuntu-bionic (DSA)
<14>May  2 00:25:49 cloud-init: 256 SHA256:9MocGKw2dxIaWpdBX/b0kyBIP8ymHN1ogHydhKgtBeE root@ubuntu-bionic (ECDSA)
<14>May  2 00:25:49 cloud-init: 256 SHA256:Ef2dww0N99OJJToQQf7fSgScMtnRfNZhmdiM/h5m2rs root@ubuntu-bionic (ED25519)
<14>May  2 00:25:49 cloud-init: 2048 SHA256:r7du5zs7nXlhv/KC2v4MHM4B8+T0uYbAtLTyRFaJ9h4 root@ubuntu-bionic (RSA)
<14>May  2 00:25:49 cloud-init: -----END SSH HOST KEY FINGERPRINTS-----
<14>May  2 00:25:49 cloud-init: #############################################################
-----BEGIN SSH HOST KEY KEYS-----
ecdsa-sha2-nistp256 AAAAE2VjZHNhLXNoYTItbmlzdHAyNTYAAAAIbmlzdHAyNTYAAABBBIXrOlPVFpQ1OEWE+MQ5VQk8dNXM/TnN3OsmhYEe9TnM8ri2DYcYI08jEtIsWD/SkeglBvsoWOPsb6/MhjT9ETA= root@ubuntu-bionic
ssh-ed25519 AAAAC3NzaC1lZDI1NTE5AAAAIBB/yZAvD77MlD+9Cl/y+DgH/8/njmN/Zn5Ypdj3Bb/9 root@ubuntu-bionic
ssh-rsa AAAAB3NzaC1yc2EAAAADAQABAAABAQDP5sy73LqsCdNR+C6xDVX11PYx7MbZ2nfsjAUXsYx07useNPEgXXjKm0oXwXm/VMsbfdT+qydxmp39neWCX88unIvLV/P1beOczHk/Ui70CZpbiifLDaE2Z4fd/mq6Ote5xVO4wm1mUNZcQPBzU9NyHJxgAcxhDI5KKe6iLHRYFsPTe8t+ez8vswpzbM9j23cb/MddAY6kPIHKrUgtWRQKvyDLkH7kKwTySSkvtgKC32ZtBbpwFUx4Gqqewv+5vDyBlmkUmTWo+6IGQp8GvqDTsEMMvdxwHq27AlzdIwCcrdf1QZOMDnf2eYHpcLH2dVvi6qaXXAP3Dgl78kocozz7 root@ubuntu-bionic
-----END SSH HOST KEY KEYS-----
[   33.014242] cloud-init[2354]: Cloud-init v. 23.1.1-0ubuntu0~18.04.1 running 'modules:final' at Tue, 02 May 2023 00:25:49 +0000. Up 32.80 seconds.
[   33.014323] cloud-init[2354]: Cloud-init v. 23.1.1-0ubuntu0~18.04.1 finished at Tue, 02 May 2023 00:25:49 +0000. Datasource DataSourceNoCloud [seed=/dev/sdb][dsmode=net].  Up 33.00 seconds
